<?xml version="1.0" encoding="UTF-8"?>
<!-- Generated by org.testng.reporters.JUnitReportReporter -->
<testsuite hostname="DESKTOP-EPC73PQ" failures="0" tests="3" name="Testscenarios.TestAPIHelper" time="10.148" errors="0" timestamp="2023-05-23T03:39:04 IST" skipped="0">
  <testcase classname="Testscenarios.TestAPIHelper" name="testGetavailablepets" time="1.911"/>
  <system-out/>
  <testcase classname="Testscenarios.TestAPIHelper" name="testGetPendingpets" time="5.732"/>
  <system-out/>
  <testcase classname="Testscenarios.TestAPIHelper" name="testPostpetstore" time="2.505"/>
  <system-out/>
</testsuite> <!-- Testscenarios.TestAPIHelper -->
