<?xml version="1.0" encoding="UTF-8"?>
<!-- Generated by org.testng.reporters.JUnitReportReporter -->
<testsuite hostname="DESKTOP-EPC73PQ" failures="1" tests="2" name="Testscenarios.Petstoreget" time="7.867" errors="0" timestamp="2023-05-23T02:02:06 IST" skipped="0">
  <testcase classname="Testscenarios.Petstoreget" name="testGetPendingpets" time="5.549"/>
  <system-out/>
  <testcase classname="Testscenarios.Petstoreget" name="testGetavailablepets" time="2.318">
    <failure message="expected [[9223372036854304299, 9223372036854304328, 9223372036854304343, 9223372036854304345, 9223372036854304346, 9223372036854304351, 9222968140491042131, 9223372036854304352, 9223372036854304363, 9223372036854304364, 9223372036854304365, 9223372036854304367, 9223372036854304368, 9223372036854304369, 9223372036854304371, 9223372036854304375, 9223372036854304377, 9223372036854304378, 9223372036854304381, 9223372036854304385, 9223372036854304387, 9223372036854304388, 9223372036854304399, 9223372036854304401, 9223372036854304404, 9223372036854304405, 9223372036854304406, 9223372036854304407, 9223372036854304192, 9223372036854304418, 17, 9223372036854304419, 9223372036854304424, 9223372036854304425, 9223372036854304427, 9223372036854304431, 9223372036854304450, 9223372036854304457, 9223372036854304458, 9223372036854304459, 9223372036854304460, 9223372036854304461, 110, 9223372036854304466, 9223372036854304483, 9223372036854304485, 9223372036854304486, 9223372036854304502, 9223372036854304509, 9223372036854304510, 9223372036854304515, 9223372036854304527, 9223372036854304528, 9223372036854304535, 9223372036854304536, 9223372036854304537, 9223372036854304544, 9223372036854304559, 9223372036854304560, 9223372036854304561, 9223372036854304562, 9223372036854304563, 124976, 2389909875, 9223372036854304574, 9223372036854304575, 9223372036854304585, 238990999875, 9223372036854304588, 9223372036854304589, 9223372036854304590, 5556655555557777, 2124726512, 9223372036854304604, 6666666666666, 9223372036854304611, 9223372036854304614, 9223372036854304615, 9223372036854304616, 9223372036854304643, 9, 9223372036854304659, 55511111155555550, 9223372036854304666, 9223372036854304667, 9223372036854304668, 9223372036854304671, 45, 9223372036854304677, 9223372036854304682, 9223372036854304683, 9223372036854304684, 9223372036854304693, 9223372036854304719, 9223372036854304721, 9223372036854304731, 9223372036854304734, 124536489, 9223372036854304739, 9223372036854304740, 9223372036854304741, 9223372036854304742, 9223372036854304745, 9223372036854304749, 9223372036854304751, 9223372036854304752, 9223372036854304753, 9223372036854304766, 9223372036854304767, 22, 9223372036854304768, 9223372036854304770, 9223372036854304774, 9223372036854304775, 9223372036854304782, 9223372036854304783, 9223372036854304785, 9223372036854304788, 9223372036854304789, 9223372036854304794, 9223372036854304802, 420, 9223372036854304809, 9223372036854304817, 9223372036854304820, 9223372036854304821, 9223372036854304827, 2916217, 9223372036854304829, 9223372036854304830, 9223372036854304831, 9223372036854571832, 9223372036854571835, 9223372036854571844, 9223372036854571854, 279, 186, 18532166484151413, 9223372036854571856, 9223372036854571857, 1083021083, 9223372036854571864, 9223372036854571866, 9223372036854571867, 9223372036854571868, 9223372036854571878, 9223372036854571879, 9223372036854571880, 1245, 9223372036854571917, 9223372036854571918, 9223372036854571937, 9223372036854571941, 9223372036854571946, 9223372036854571947, 9223372036854571948, 9223372036854571983, 9223372036854571984, 9223372036854571991, 9223372036854571992, 9223372036854572002, 9223372036854572003, 9223372036854572004, 9223372036854572005, 9223372036854572006, 9223372036854572007, 9223372036854572008, 9223372036854572009, 9223372036854572010, 9223372036854572012, 9223372036854572022, 9223372036854572026, 12, 9223372036854572063, 9223372036854572064, 9223372036854572065, 9223372036854572066, 9223372036854572069, 9223372036854572070, 9223372036854572073, 9223372036854572074, 9223372036854572075, 9223372036854572079, 9223372036854572080, 9223372036854572081, 9223372036854572085, 9223372036854572086, 9223372036854572087, 9223372036854572088, 9223372036854572089, 9223372036854572090, 9223372036854572091, 9223372036854572092, 9223372036854572093, 9223372036854572096, 9223372036854572098, 9223372036854572099, 9223372036854572101, 9223372036854572103, 9223372036854572104, 9223372036854572105, 9223372036854572114, 9222968140497180179, 9223372036854572115, 9223372036854572117, 9223372036854572118, 9223372036854572119, 9223372036854572129, 9223372036854572132, 9223372036854572133, 9223372036854572150, 9223372036854572157, 9223372036854572158, 9223372036854572168, 9223372036854572182, 9223372036854572183, 9223372036854572184, 9223372036854572185, 9223372036854572186, 9223372036854572189, 1, 9223372036854572194, 9223372036854572198, 9223372036854572201, 9223372036854572205, 9223372036854572206, 9223372036854572209, 9223372036854572211, 9223372036854572214, 9223372036854572215, 9223372036854572216, 9223372036854572217, 123, 9223372036854572218, 1430439149, 9223372036854572225, 99996, 9223372036854572230]] but found [null]" type="java.lang.AssertionError">
      <![CDATA[java.lang.AssertionError: expected [[9223372036854304299, 9223372036854304328, 9223372036854304343, 9223372036854304345, 9223372036854304346, 9223372036854304351, 9222968140491042131, 9223372036854304352, 9223372036854304363, 9223372036854304364, 9223372036854304365, 9223372036854304367, 9223372036854304368, 9223372036854304369, 9223372036854304371, 9223372036854304375, 9223372036854304377, 9223372036854304378, 9223372036854304381, 9223372036854304385, 9223372036854304387, 9223372036854304388, 9223372036854304399, 9223372036854304401, 9223372036854304404, 9223372036854304405, 9223372036854304406, 9223372036854304407, 9223372036854304192, 9223372036854304418, 17, 9223372036854304419, 9223372036854304424, 9223372036854304425, 9223372036854304427, 9223372036854304431, 9223372036854304450, 9223372036854304457, 9223372036854304458, 9223372036854304459, 9223372036854304460, 9223372036854304461, 110, 9223372036854304466, 9223372036854304483, 9223372036854304485, 9223372036854304486, 9223372036854304502, 9223372036854304509, 9223372036854304510, 9223372036854304515, 9223372036854304527, 9223372036854304528, 9223372036854304535, 9223372036854304536, 9223372036854304537, 9223372036854304544, 9223372036854304559, 9223372036854304560, 9223372036854304561, 9223372036854304562, 9223372036854304563, 124976, 2389909875, 9223372036854304574, 9223372036854304575, 9223372036854304585, 238990999875, 9223372036854304588, 9223372036854304589, 9223372036854304590, 5556655555557777, 2124726512, 9223372036854304604, 6666666666666, 9223372036854304611, 9223372036854304614, 9223372036854304615, 9223372036854304616, 9223372036854304643, 9, 9223372036854304659, 55511111155555550, 9223372036854304666, 9223372036854304667, 9223372036854304668, 9223372036854304671, 45, 9223372036854304677, 9223372036854304682, 9223372036854304683, 9223372036854304684, 9223372036854304693, 9223372036854304719, 9223372036854304721, 9223372036854304731, 9223372036854304734, 124536489, 9223372036854304739, 9223372036854304740, 9223372036854304741, 9223372036854304742, 9223372036854304745, 9223372036854304749, 9223372036854304751, 9223372036854304752, 9223372036854304753, 9223372036854304766, 9223372036854304767, 22, 9223372036854304768, 9223372036854304770, 9223372036854304774, 9223372036854304775, 9223372036854304782, 9223372036854304783, 9223372036854304785, 9223372036854304788, 9223372036854304789, 9223372036854304794, 9223372036854304802, 420, 9223372036854304809, 9223372036854304817, 9223372036854304820, 9223372036854304821, 9223372036854304827, 2916217, 9223372036854304829, 9223372036854304830, 9223372036854304831, 9223372036854571832, 9223372036854571835, 9223372036854571844, 9223372036854571854, 279, 186, 18532166484151413, 9223372036854571856, 9223372036854571857, 1083021083, 9223372036854571864, 9223372036854571866, 9223372036854571867, 9223372036854571868, 9223372036854571878, 9223372036854571879, 9223372036854571880, 1245, 9223372036854571917, 9223372036854571918, 9223372036854571937, 9223372036854571941, 9223372036854571946, 9223372036854571947, 9223372036854571948, 9223372036854571983, 9223372036854571984, 9223372036854571991, 9223372036854571992, 9223372036854572002, 9223372036854572003, 9223372036854572004, 9223372036854572005, 9223372036854572006, 9223372036854572007, 9223372036854572008, 9223372036854572009, 9223372036854572010, 9223372036854572012, 9223372036854572022, 9223372036854572026, 12, 9223372036854572063, 9223372036854572064, 9223372036854572065, 9223372036854572066, 9223372036854572069, 9223372036854572070, 9223372036854572073, 9223372036854572074, 9223372036854572075, 9223372036854572079, 9223372036854572080, 9223372036854572081, 9223372036854572085, 9223372036854572086, 9223372036854572087, 9223372036854572088, 9223372036854572089, 9223372036854572090, 9223372036854572091, 9223372036854572092, 9223372036854572093, 9223372036854572096, 9223372036854572098, 9223372036854572099, 9223372036854572101, 9223372036854572103, 9223372036854572104, 9223372036854572105, 9223372036854572114, 9222968140497180179, 9223372036854572115, 9223372036854572117, 9223372036854572118, 9223372036854572119, 9223372036854572129, 9223372036854572132, 9223372036854572133, 9223372036854572150, 9223372036854572157, 9223372036854572158, 9223372036854572168, 9223372036854572182, 9223372036854572183, 9223372036854572184, 9223372036854572185, 9223372036854572186, 9223372036854572189, 1, 9223372036854572194, 9223372036854572198, 9223372036854572201, 9223372036854572205, 9223372036854572206, 9223372036854572209, 9223372036854572211, 9223372036854572214, 9223372036854572215, 9223372036854572216, 9223372036854572217, 123, 9223372036854572218, 1430439149, 9223372036854572225, 99996, 9223372036854572230]] but found [null]
at org.testng.Assert.fail(Assert.java:110)
at org.testng.Assert.failNotEquals(Assert.java:1577)
at org.testng.Assert.assertEqualsImpl(Assert.java:149)
at org.testng.Assert.assertEquals(Assert.java:131)
at org.testng.Assert.assertEquals(Assert.java:655)
at org.testng.Assert.assertEquals(Assert.java:665)
at Testscenarios.Petstoreget.testGetavailablepets(Petstoreget.java:45)
at java.base/jdk.internal.reflect.NativeMethodAccessorImpl.invoke0(Native Method)
at java.base/jdk.internal.reflect.NativeMethodAccessorImpl.invoke(NativeMethodAccessorImpl.java:77)
at java.base/jdk.internal.reflect.DelegatingMethodAccessorImpl.invoke(DelegatingMethodAccessorImpl.java:43)
at java.base/java.lang.reflect.Method.invoke(Method.java:568)
at org.testng.internal.invokers.MethodInvocationHelper.invokeMethod(MethodInvocationHelper.java:139)
at org.testng.internal.invokers.TestInvoker.invokeMethod(TestInvoker.java:677)
at org.testng.internal.invokers.TestInvoker.invokeTestMethod(TestInvoker.java:221)
at org.testng.internal.invokers.MethodRunner.runInSequence(MethodRunner.java:50)
at org.testng.internal.invokers.TestInvoker$MethodInvocationAgent.invoke(TestInvoker.java:969)
at org.testng.internal.invokers.TestInvoker.invokeTestMethods(TestInvoker.java:194)
at org.testng.internal.invokers.TestMethodWorker.invokeTestMethods(TestMethodWorker.java:148)
at org.testng.internal.invokers.TestMethodWorker.run(TestMethodWorker.java:128)
at java.base/java.util.ArrayList.forEach(ArrayList.java:1511)
at org.testng.TestRunner.privateRun(TestRunner.java:829)
at org.testng.TestRunner.run(TestRunner.java:602)
at org.testng.SuiteRunner.runTest(SuiteRunner.java:437)
at org.testng.SuiteRunner.runSequentially(SuiteRunner.java:431)
at org.testng.SuiteRunner.privateRun(SuiteRunner.java:391)
at org.testng.SuiteRunner.run(SuiteRunner.java:330)
at org.testng.SuiteRunnerWorker.runSuite(SuiteRunnerWorker.java:52)
at org.testng.SuiteRunnerWorker.run(SuiteRunnerWorker.java:95)
at org.testng.TestNG.runSuitesSequentially(TestNG.java:1256)
at org.testng.TestNG.runSuitesLocally(TestNG.java:1176)
at org.testng.TestNG.runSuites(TestNG.java:1099)
at org.testng.TestNG.run(TestNG.java:1067)
at org.testng.remote.AbstractRemoteTestNG.run(AbstractRemoteTestNG.java:115)
at org.testng.remote.RemoteTestNG.initAndRun(RemoteTestNG.java:251)
at org.testng.remote.RemoteTestNG.main(RemoteTestNG.java:77)
]]>
    </failure>
  </testcase> <!-- testGetavailablepets -->
  <system-out/>
</testsuite> <!-- Testscenarios.Petstoreget -->
