<?xml version="1.0" encoding="UTF-8"?>
<!-- Generated by org.testng.reporters.JUnitReportReporter -->
<testsuite hostname="DESKTOP-EPC73PQ" failures="0" tests="3" name="Testscenarios.Testsumadddigit" time="0.001" errors="0" timestamp="2023-05-12T08:53:54 IST" skipped="0">
  <testcase classname="Testscenarios.Testsumadddigit" name="checkmaxnumber" time="0.001"/>
  <system-out/>
  <testcase classname="Testscenarios.Testsumadddigit" name="checkzero" time="0.000"/>
  <system-out/>
  <testcase classname="Testscenarios.Testsumadddigit" name="checksingleDigit" time="0.000"/>
  <system-out/>
</testsuite> <!-- Testscenarios.Testsumadddigit -->
